<?xml version="1.0" encoding="UTF-8"?>
<testsuite name="org.launchcode.LiftoffRecipeProject.RecipeControllerTest" tests="1" skipped="0" failures="0" errors="0" timestamp="2023-09-13T15:31:19" hostname="Tumas-MacBook-Pro.local" time="3.5">
  <properties/>
  <testcase name="testGetRecipeByUser()" classname="org.launchcode.LiftoffRecipeProject.RecipeControllerTest" time="3.5"/>
  <system-out><![CDATA[]]></system-out>
  <system-err><![CDATA[]]></system-err>
</testsuite>
