<?xml version="1.0" encoding="UTF-8"?>
<testsuite name="org.launchcode.LiftoffRecipeProject.RecipeControllerTest" tests="23" skipped="0" failures="0" errors="0" timestamp="2023-09-19T19:49:32" hostname="Tumas-MacBook-Pro.local" time="1.261">
  <properties/>
  <testcase name="testGetAllRecipes_WhenNoneExist()" classname="org.launchcode.LiftoffRecipeProject.RecipeControllerTest" time="0.571"/>
  <testcase name="testGetRecipeByUser()" classname="org.launchcode.LiftoffRecipeProject.RecipeControllerTest" time="0.197"/>
  <testcase name="testCreateRecipe()" classname="org.launchcode.LiftoffRecipeProject.RecipeControllerTest" time="0.16"/>
  <testcase name="testUserNotFoundGetRecipesByUser()" classname="org.launchcode.LiftoffRecipeProject.RecipeControllerTest" time="0.007"/>
  <testcase name="testSearchRecipesByIngredient_WhitespaceIngredients()" classname="org.launchcode.LiftoffRecipeProject.RecipeControllerTest" time="0.033"/>
  <testcase name="testInvalidUserIdForRecipeCreation()" classname="org.launchcode.LiftoffRecipeProject.RecipeControllerTest" time="0.013"/>
  <testcase name="testSearchRecipesByIngredient_NullPageable()" classname="org.launchcode.LiftoffRecipeProject.RecipeControllerTest" time="0.039"/>
  <testcase name="testGetAllRecipes()" classname="org.launchcode.LiftoffRecipeProject.RecipeControllerTest" time="0.008"/>
  <testcase name="testSearchRecipesByIngredient_EmptyIngredients()" classname="org.launchcode.LiftoffRecipeProject.RecipeControllerTest" time="0.01"/>
  <testcase name="testSearchRecipes()" classname="org.launchcode.LiftoffRecipeProject.RecipeControllerTest" time="0.008"/>
  <testcase name="testUpdateRecipe()" classname="org.launchcode.LiftoffRecipeProject.RecipeControllerTest" time="0.007"/>
  <testcase name="testDeleteRecipe()" classname="org.launchcode.LiftoffRecipeProject.RecipeControllerTest" time="0.01"/>
  <testcase name="testInvalidRecipeIdForUpdate()" classname="org.launchcode.LiftoffRecipeProject.RecipeControllerTest" time="0.013"/>
  <testcase name="testSearchRecipesByIngredient()" classname="org.launchcode.LiftoffRecipeProject.RecipeControllerTest" time="0.01"/>
  <testcase name="testInvalidParametersCreateRecipe()" classname="org.launchcode.LiftoffRecipeProject.RecipeControllerTest" time="0.017"/>
  <testcase name="testGetRandomRecipe()" classname="org.launchcode.LiftoffRecipeProject.RecipeControllerTest" time="0.008"/>
  <testcase name="testSearchRecipesByIngredient_NullIngredients()" classname="org.launchcode.LiftoffRecipeProject.RecipeControllerTest" time="0.009"/>
  <testcase name="testGetRecipe()" classname="org.launchcode.LiftoffRecipeProject.RecipeControllerTest" time="0.009"/>
  <testcase name="testInvalidSearchCriteria()" classname="org.launchcode.LiftoffRecipeProject.RecipeControllerTest" time="0.013"/>
  <testcase name="testUnauthorizedUserUpdateRecipe()" classname="org.launchcode.LiftoffRecipeProject.RecipeControllerTest" time="0.016"/>
  <testcase name="testUnauthorizedUserDeleteRecipe()" classname="org.launchcode.LiftoffRecipeProject.RecipeControllerTest" time="0.013"/>
  <testcase name="testGetRecipesByUser_WhenUserHasNoRecipes()" classname="org.launchcode.LiftoffRecipeProject.RecipeControllerTest" time="0.005"/>
  <testcase name="testGetRecipe_WhenRecipeNotFound()" classname="org.launchcode.LiftoffRecipeProject.RecipeControllerTest" time="0.012"/>
  <system-out><![CDATA[2023-09-19T14:49:33.135-05:00  INFO 1506 --- [    Test worker] o.l.L.controllers.RecipeController       : Search parameters: name=null, category=null, ingredients=  , time=null, rating=null
2023-09-19T14:49:33.171-05:00  INFO 1506 --- [    Test worker] o.l.L.controllers.RecipeController       : Search parameters: name=null, category=null, ingredients=flour,sugar, time=null, rating=null
2023-09-19T14:49:33.226-05:00  INFO 1506 --- [    Test worker] o.l.L.controllers.RecipeController       : Search parameters: name=null, category=null, ingredients=, time=null, rating=null
2023-09-19T14:49:33.235-05:00  INFO 1506 --- [    Test worker] o.l.L.controllers.RecipeController       : Search parameters: name=recipeName, category=recipeCategory, ingredients=ingredient1,ingredient2, time=>30, rating=<5
2023-09-19T14:49:33.283-05:00  INFO 1506 --- [    Test worker] o.l.L.controllers.RecipeController       : Search parameters: name=null, category=null, ingredients=flour,sugar, time=null, rating=null
2023-09-19T14:49:33.329-05:00  INFO 1506 --- [    Test worker] o.l.L.controllers.RecipeController       : Search parameters: name=null, category=null, ingredients=null, time=null, rating=null
2023-09-19T14:49:33.352-05:00  INFO 1506 --- [    Test worker] o.l.L.controllers.RecipeController       : Search parameters: name=recipeName, category=recipeCategory, ingredients=ingredient1,ingredient2, time=>30, rating=<5
]]></system-out>
  <system-err><![CDATA[]]></system-err>
</testsuite>
